<?xml version="1.0" encoding="UTF-8"?>
<!-- Generated by org.testng.reporters.JUnitReportReporter -->
<testsuite hostname="DESKTOP-2GD8KKD" failures="0" tests="1" name="TestNG.TestNG1" time="8.530" errors="0" timestamp="2024-03-14T16:34:08 IST" skipped="0">
  <testcase classname="TestNG.TestNG1" name="TC001" time="8.530"/>
  <system-out>
    <![CDATA[login completed
logout completed]]>
  </system-out>
</testsuite> <!-- TestNG.TestNG1 -->
