<?xml version="1.0" encoding="UTF-8"?>
<!-- Generated by org.testng.reporters.JUnitReportReporter -->
<testsuite hostname="DESKTOP-2GD8KKD" failures="0" tests="1" name="Com.hrms.testscript.TC001" time="23.892" errors="0" timestamp="19 Mar 2024 04:15:11 GMT">
  <testcase classname="Com.hrms.testscript.TC001" name="tcoo1" time="23.892"/>
</testsuite> <!-- Com.hrms.testscript.TC001 -->
